[21:43:18] [main/INFO]: Setting user: ForgeDevName
[21:43:19] [Client thread/INFO]: LWJGL Version: 2.9.1
[21:43:21] [Client thread/INFO]: Reloading ResourceManager: Default, FMLFileResourcePack:Forge Mod Loader, FMLFileResourcePack:Minecraft Forge, FMLFileResourcePack:Lets Mod Reboot
[21:43:22] [Sound Library Loader/INFO]: Sound engine started
[21:43:22] [Client thread/INFO]: Created: 512x256 textures/blocks-atlas
[21:43:22] [Client thread/INFO]: Created: 256x256 textures/items-atlas
[21:43:23] [Client thread/INFO]: Reloading ResourceManager: Default, FMLFileResourcePack:Forge Mod Loader, FMLFileResourcePack:Minecraft Forge, FMLFileResourcePack:Lets Mod Reboot
[21:43:23] [Client thread/INFO]: Created: 512x256 textures/blocks-atlas
[21:43:23] [Client thread/INFO]: Created: 256x256 textures/items-atlas
[21:43:23] [Sound Library Loader/INFO]: Sound engine started
[21:43:25] [Server thread/INFO]: Starting integrated minecraft server version 1.7.10
[21:43:25] [Server thread/INFO]: Generating keypair
[21:43:25] [Server thread/INFO]: Preparing start region for level 0
[21:43:26] [Server thread/INFO]: Changing view distance to 12, from 10
[21:43:26] [Server thread/INFO]: ForgeDevName[local:E:425503bf] logged in with entity id 408 at (-142.11387222559756, 64.0, 219.8432364997288)
[21:43:26] [Server thread/INFO]: ForgeDevName joined the game
[21:44:27] [Server thread/INFO]: ForgeDevName has just earned the achievement [Taking Inventory]
[21:44:27] [Client thread/INFO]: [CHAT] ForgeDevName has just earned the achievement [Taking Inventory]
[21:45:03] [Server thread/INFO]: Saving and pausing game...
[21:45:03] [Server thread/INFO]: Saving chunks for level 'New World'/Overworld
[21:45:03] [Server thread/INFO]: Saving chunks for level 'New World'/Nether
[21:45:03] [Server thread/INFO]: Saving chunks for level 'New World'/The End
[21:57:08] [Server thread/INFO]: Saving and pausing game...
[21:57:08] [Server thread/INFO]: Saving chunks for level 'New World'/Overworld
[21:57:08] [Server thread/INFO]: Saving chunks for level 'New World'/Nether
[21:57:08] [Server thread/INFO]: Saving chunks for level 'New World'/The End
[22:05:48] [Server thread/INFO]: Saving and pausing game...
[22:05:48] [Server thread/INFO]: Saving chunks for level 'New World'/Overworld
[22:05:48] [Server thread/INFO]: Saving chunks for level 'New World'/Nether
[22:05:48] [Server thread/INFO]: Saving chunks for level 'New World'/The End
[22:09:51] [Server thread/INFO]: Saving and pausing game...
[22:09:51] [Server thread/INFO]: Saving chunks for level 'New World'/Overworld
[22:09:51] [Server thread/INFO]: Saving chunks for level 'New World'/Nether
[22:09:51] [Server thread/INFO]: Saving chunks for level 'New World'/The End
[22:09:57] [Server thread/INFO]: Stopping server
[22:09:57] [Server thread/INFO]: Saving players
[22:09:57] [Server thread/INFO]: Saving worlds
[22:09:57] [Server thread/INFO]: Saving chunks for level 'New World'/Overworld
[22:09:57] [Server thread/INFO]: Saving chunks for level 'New World'/Nether
[22:09:57] [Server thread/INFO]: Saving chunks for level 'New World'/The End
[22:09:58] [Client thread/INFO]: Stopping!
